2025-04-23 04:00:57,817 WARN [main] o.a.n.b.c.GetRunCommandBootstrapCommand Invalid host [] configured for [nifi.web.proxy.host] in nifi.properties
2025-04-23 04:00:59,196 INFO [main] o.a.n.b.c.GetRunCommandBootstrapCommand Generated Self-Signed Certificate Expiration: 2025-06-22
2025-04-23 04:00:59,196 INFO [main] o.a.n.b.c.GetRunCommandBootstrapCommand Generated Self-Signed Certificate SHA-256: 58545720C7FA6606B64D5CEDD8C4E7E48E1E90193A20E28D3A3553BE67AF4672
2025-04-23 04:07:40,843 INFO [main] org.apache.nifi.bootstrap.Command Application Process [45] termination requested
2025-04-23 04:07:41,490 INFO [main] org.apache.nifi.bootstrap.Command Application Process [45] termination completed
2025-04-23 04:08:05,606 WARN [main] o.a.n.b.c.GetRunCommandBootstrapCommand Invalid host [] configured for [nifi.web.proxy.host] in nifi.properties
2025-04-23 04:08:06,964 INFO [main] o.a.n.b.c.GetRunCommandBootstrapCommand Generated Self-Signed Certificate Expiration: 2025-06-22
2025-04-23 04:08:06,969 INFO [main] o.a.n.b.c.GetRunCommandBootstrapCommand Generated Self-Signed Certificate SHA-256: 3752836724F9E979C0ADD17B91D427D8CB9FAE883A721203B509E210B1AD7166
2025-04-23 04:27:27,737 INFO [main] org.apache.nifi.bootstrap.Command Application Process [45] termination requested
2025-04-23 04:27:28,383 INFO [main] org.apache.nifi.bootstrap.Command Application Process [45] termination completed
2025-04-23 04:27:42,790 WARN [main] o.a.n.b.c.GetRunCommandBootstrapCommand Invalid host [] configured for [nifi.web.proxy.host] in nifi.properties
2025-04-23 04:27:44,652 INFO [main] o.a.n.b.c.GetRunCommandBootstrapCommand Generated Self-Signed Certificate Expiration: 2025-06-22
2025-04-23 04:27:44,657 INFO [main] o.a.n.b.c.GetRunCommandBootstrapCommand Generated Self-Signed Certificate SHA-256: 664CD3108D05F8E368C8188E3A88C80DF2A633F603EE2128FDCB0B82B225DB5B
2025-04-23 04:35:21,873 INFO [main] org.apache.nifi.bootstrap.Command Application Process [45] termination requested
2025-04-23 04:35:22,520 INFO [main] org.apache.nifi.bootstrap.Command Application Process [45] termination completed
2025-04-23 04:49:57,486 WARN [main] o.a.n.b.c.GetRunCommandBootstrapCommand Invalid host [] configured for [nifi.web.proxy.host] in nifi.properties
2025-04-23 04:49:59,002 INFO [main] o.a.n.b.c.GetRunCommandBootstrapCommand Generated Self-Signed Certificate Expiration: 2025-06-22
2025-04-23 04:49:59,002 INFO [main] o.a.n.b.c.GetRunCommandBootstrapCommand Generated Self-Signed Certificate SHA-256: F20F2A98A001416FA34A72B1282C9107FCF0EFDCED8A1D310E363950C7ED51DA
2025-04-23 05:02:48,176 INFO [main] org.apache.nifi.bootstrap.Command Application Process [44] termination requested
2025-04-23 05:02:48,825 INFO [main] org.apache.nifi.bootstrap.Command Application Process [44] termination completed
2025-04-23 05:03:46,073 WARN [main] o.a.n.b.c.GetRunCommandBootstrapCommand Invalid host [] configured for [nifi.web.proxy.host] in nifi.properties
2025-04-23 05:03:47,964 INFO [main] o.a.n.b.c.GetRunCommandBootstrapCommand Generated Self-Signed Certificate Expiration: 2025-06-22
2025-04-23 05:03:47,970 INFO [main] o.a.n.b.c.GetRunCommandBootstrapCommand Generated Self-Signed Certificate SHA-256: 18886ECB3424D9923AA56E3402974716E8B1C4E6C6EC806620EDF2C96EE7749D
2025-04-23 05:11:13,113 INFO [main] org.apache.nifi.bootstrap.Command Application Process [45] termination requested
2025-04-23 05:11:14,126 INFO [main] org.apache.nifi.bootstrap.Command Application Process [45] termination completed
2025-04-23 05:13:01,228 WARN [main] o.a.n.b.c.GetRunCommandBootstrapCommand Invalid host [] configured for [nifi.web.proxy.host] in nifi.properties
2025-04-23 05:13:02,839 INFO [main] o.a.n.b.c.GetRunCommandBootstrapCommand Generated Self-Signed Certificate Expiration: 2025-06-22
2025-04-23 05:13:02,846 INFO [main] o.a.n.b.c.GetRunCommandBootstrapCommand Generated Self-Signed Certificate SHA-256: A23A4B9CC6E0B8B899AE0284F501D700B587491D1175F02B17D87C5B6A24BDEE
2025-04-23 05:23:23,192 INFO [main] org.apache.nifi.bootstrap.Command Application Process [73] termination requested
2025-04-23 05:23:24,203 INFO [main] org.apache.nifi.bootstrap.Command Application Process [73] termination completed
2025-04-23 05:23:54,285 WARN [main] o.a.n.b.c.GetRunCommandBootstrapCommand Invalid host [] configured for [nifi.web.proxy.host] in nifi.properties
2025-04-23 05:23:55,823 INFO [main] o.a.n.b.c.GetRunCommandBootstrapCommand Generated Self-Signed Certificate Expiration: 2025-06-22
2025-04-23 05:23:55,824 INFO [main] o.a.n.b.c.GetRunCommandBootstrapCommand Generated Self-Signed Certificate SHA-256: C0E9B029A629DE94B66D530FCF34BD7D543A1E5665C2A009D1BB3AC8E20D8A6F
2025-04-23 07:36:47,147 INFO [main] org.apache.nifi.bootstrap.Command Application Process [75] termination requested
2025-04-23 07:36:47,798 INFO [main] org.apache.nifi.bootstrap.Command Application Process [75] termination completed
2025-04-23 07:37:19,429 WARN [main] o.a.n.b.c.GetRunCommandBootstrapCommand Invalid host [] configured for [nifi.web.proxy.host] in nifi.properties
2025-04-23 07:37:21,828 INFO [main] o.a.n.b.c.GetRunCommandBootstrapCommand Generated Self-Signed Certificate Expiration: 2025-06-22
2025-04-23 07:37:21,829 INFO [main] o.a.n.b.c.GetRunCommandBootstrapCommand Generated Self-Signed Certificate SHA-256: 3CFA4B7B0A7B9CF9477DEB93BD7A6F5A205EC0E25427AC34BD47895941440AED
2025-04-23 08:29:44,979 INFO [main] org.apache.nifi.bootstrap.Command Application Process [44] termination requested
2025-04-23 08:29:46,381 INFO [main] org.apache.nifi.bootstrap.Command Application Process [44] termination completed
2025-04-23 08:34:31,365 WARN [main] o.a.n.b.c.GetRunCommandBootstrapCommand Invalid host [] configured for [nifi.web.proxy.host] in nifi.properties
2025-04-23 08:34:33,072 INFO [main] o.a.n.b.c.GetRunCommandBootstrapCommand Generated Self-Signed Certificate Expiration: 2025-06-22
2025-04-23 08:34:33,072 INFO [main] o.a.n.b.c.GetRunCommandBootstrapCommand Generated Self-Signed Certificate SHA-256: 2AC985DF493634EB7FEC51313DF6B348F31FE6EC26AE0EA0331010BE8D059C83
2025-04-23 08:37:25,805 INFO [main] org.apache.nifi.bootstrap.Command Application Process [45] termination requested
2025-04-23 08:37:26,455 INFO [main] org.apache.nifi.bootstrap.Command Application Process [45] termination completed
2025-04-23 08:37:45,247 WARN [main] o.a.n.b.c.GetRunCommandBootstrapCommand Invalid host [] configured for [nifi.web.proxy.host] in nifi.properties
2025-04-23 08:37:47,035 INFO [main] o.a.n.b.c.GetRunCommandBootstrapCommand Generated Self-Signed Certificate Expiration: 2025-06-22
2025-04-23 08:37:47,036 INFO [main] o.a.n.b.c.GetRunCommandBootstrapCommand Generated Self-Signed Certificate SHA-256: BE691884656CE561A3EDF8316C2766562C17D03B7C29E50CA6340EABE574ECA0
2025-04-23 11:20:59,857 INFO [main] org.apache.nifi.bootstrap.Command Application Process [45] termination requested
2025-04-23 11:21:00,503 INFO [main] org.apache.nifi.bootstrap.Command Application Process [45] termination completed
2025-04-23 16:03:20,793 WARN [main] o.a.n.b.c.GetRunCommandBootstrapCommand Invalid host [] configured for [nifi.web.proxy.host] in nifi.properties
2025-04-23 16:03:22,560 INFO [main] o.a.n.b.c.GetRunCommandBootstrapCommand Generated Self-Signed Certificate Expiration: 2025-06-22
2025-04-23 16:03:22,560 INFO [main] o.a.n.b.c.GetRunCommandBootstrapCommand Generated Self-Signed Certificate SHA-256: 93C21C60D51A1552DBDFE0BFF72FF2D67CF16165C667F53E1865146918E425E8
2025-04-23 17:22:31,014 INFO [main] org.apache.nifi.bootstrap.Command Application Process [45] termination requested
2025-04-23 17:22:32,023 INFO [main] org.apache.nifi.bootstrap.Command Application Process [45] termination completed
2025-04-23 17:22:59,884 WARN [main] o.a.n.b.c.GetRunCommandBootstrapCommand Invalid host [] configured for [nifi.web.proxy.host] in nifi.properties
2025-04-23 17:23:02,100 INFO [main] o.a.n.b.c.GetRunCommandBootstrapCommand Generated Self-Signed Certificate Expiration: 2025-06-22
2025-04-23 17:23:02,100 INFO [main] o.a.n.b.c.GetRunCommandBootstrapCommand Generated Self-Signed Certificate SHA-256: 4CAD4F1535B5542AE29C101D7AD23ACA4D4070594878703644A5C595C17BF181
2025-04-23 17:40:52,835 INFO [main] org.apache.nifi.bootstrap.Command Application Process [45] termination requested
2025-04-23 17:40:53,841 INFO [main] org.apache.nifi.bootstrap.Command Application Process [45] termination completed
